<?xml version="1.0" encoding="UTF-8"?>
<testsuite name="test.java.AlgoTest" tests="16" skipped="0" failures="0" errors="0" timestamp="2018-10-22T04:41:31" hostname="Lehars-MacBook-Air.local" time="0.022">
  <properties/>
  <testcase name="testMergeSort" classname="test.java.AlgoTest" time="0.006"/>
  <testcase name="testBubbleSortIfCondition" classname="test.java.AlgoTest" time="0.001"/>
  <testcase name="testHeapSortInputNull" classname="test.java.AlgoTest" time="0.001"/>
  <testcase name="testMergeSortWithNullInput" classname="test.java.AlgoTest" time="0.0"/>
  <testcase name="testSelectionSort" classname="test.java.AlgoTest" time="0.001"/>
  <testcase name="testInsertionSortWithNullInput" classname="test.java.AlgoTest" time="0.0"/>
  <testcase name="testBubbleSort" classname="test.java.AlgoTest" time="0.001"/>
  <testcase name="testHeapSort" classname="test.java.AlgoTest" time="0.0"/>
  <testcase name="testQuickSortWhenTwoItems" classname="test.java.AlgoTest" time="0.0"/>
  <testcase name="testBubbleSortInputNull" classname="test.java.AlgoTest" time="0.0"/>
  <testcase name="testQuickSortVariant" classname="test.java.AlgoTest" time="0.0"/>
  <testcase name="testBubbleSortWhen1Element" classname="test.java.AlgoTest" time="0.006"/>
  <testcase name="testInsertionSort" classname="test.java.AlgoTest" time="0.0"/>
  <testcase name="testSelectionSortWithNullInput" classname="test.java.AlgoTest" time="0.0"/>
  <testcase name="testQuickSortInputNull" classname="test.java.AlgoTest" time="0.001"/>
  <testcase name="testQuickSort" classname="test.java.AlgoTest" time="0.002"/>
  <system-out><![CDATA[]]></system-out>
  <system-err><![CDATA[]]></system-err>
</testsuite>
